Arguments: 
  /usr/bin/node /usr/share/yarn/bin/yarn.js

PATH: 
  /home/neo/.local/bin:/usr/local/sbin:/usr/local/bin:/usr/sbin:/usr/bin:/sbin:/bin:/usr/games:/usr/local/games:/snap/bin

Yarn version: 
  1.22.5

Node version: 
  14.17.6

Platform: 
  linux x64

Trace: 
  Error: getaddrinfo EAI_AGAIN registry.yarnpkg.com
      at GetAddrInfoReqWrap.onlookup [as oncomplete] (dns.js:69:26)

npm manifest: 
  {
    "name": "with-tailwindcss",
    "version": "0.1.0",
    "private": true,
    "scripts": {
      "dev": "next dev",
      "build": "next build",
      "start": "next start"
    },
    "dependencies": {
      "next": "latest",
      "react": "^17.0.2",
      "react-dom": "^17.0.2",
      "web3": "^1.3.6"
    },
    "devDependencies": {
      "autoprefixer": "^10.0.4",
      "postcss": "^8.1.10",
      "tailwindcss": "^2.2.4"
    }
  }

yarn manifest: 
  No manifest

Lockfile: 
  No lockfile
